Submitting 99 files
Job will run under the 'open' account, as requested.
26958503.torque01.util.production.int.aci.ics.psu.edu
Job will run under the 'open' account, as requested.
26958504.torque01.util.production.int.aci.ics.psu.edu
Job will run under the 'open' account, as requested.
26958505.torque01.util.production.int.aci.ics.psu.edu
Job will run under the 'open' account, as requested.
26958506.torque01.util.production.int.aci.ics.psu.edu
Job will run under the 'open' account, as requested.
26958507.torque01.util.production.int.aci.ics.psu.edu
Job will run under the 'open' account, as requested.
26958508.torque01.util.production.int.aci.ics.psu.edu
Job will run under the 'open' account, as requested.
26958509.torque01.util.production.int.aci.ics.psu.edu
Job will run under the 'open' account, as requested.
26958510.torque01.util.production.int.aci.ics.psu.edu
Job will run under the 'open' account, as requested.
26958511.torque01.util.production.int.aci.ics.psu.edu
Job will run under the 'open' account, as requested.
26958512.torque01.util.production.int.aci.ics.psu.edu
Job will run under the 'open' account, as requested.
26958513.torque01.util.production.int.aci.ics.psu.edu
Job will run under the 'open' account, as requested.
26958514.torque01.util.production.int.aci.ics.psu.edu
Job will run under the 'open' account, as requested.
26958515.torque01.util.production.int.aci.ics.psu.edu
Job will run under the 'open' account, as requested.
26958516.torque01.util.production.int.aci.ics.psu.edu
Job will run under the 'open' account, as requested.
26958517.torque01.util.production.int.aci.ics.psu.edu
Job will run under the 'open' account, as requested.
26958518.torque01.util.production.int.aci.ics.psu.edu
Job will run under the 'open' account, as requested.
26958519.torque01.util.production.int.aci.ics.psu.edu
Job will run under the 'open' account, as requested.
26958520.torque01.util.production.int.aci.ics.psu.edu
Job will run under the 'open' account, as requested.
26958521.torque01.util.production.int.aci.ics.psu.edu
Job will run under the 'open' account, as requested.
26958522.torque01.util.production.int.aci.ics.psu.edu
Job will run under the 'open' account, as requested.
26958523.torque01.util.production.int.aci.ics.psu.edu
Job will run under the 'open' account, as requested.
26958524.torque01.util.production.int.aci.ics.psu.edu
Job will run under the 'open' account, as requested.
26958525.torque01.util.production.int.aci.ics.psu.edu
Job will run under the 'open' account, as requested.
26958526.torque01.util.production.int.aci.ics.psu.edu
Job will run under the 'open' account, as requested.
26958527.torque01.util.production.int.aci.ics.psu.edu
Job will run under the 'open' account, as requested.
26958528.torque01.util.production.int.aci.ics.psu.edu
Job will run under the 'open' account, as requested.
26958529.torque01.util.production.int.aci.ics.psu.edu
Job will run under the 'open' account, as requested.
26958530.torque01.util.production.int.aci.ics.psu.edu
Job will run under the 'open' account, as requested.
26958531.torque01.util.production.int.aci.ics.psu.edu
Job will run under the 'open' account, as requested.
26958532.torque01.util.production.int.aci.ics.psu.edu
Job will run under the 'open' account, as requested.
26958533.torque01.util.production.int.aci.ics.psu.edu
Job will run under the 'open' account, as requested.
26958534.torque01.util.production.int.aci.ics.psu.edu
Job will run under the 'open' account, as requested.
26958536.torque01.util.production.int.aci.ics.psu.edu
Job will run under the 'open' account, as requested.
26958537.torque01.util.production.int.aci.ics.psu.edu
Job will run under the 'open' account, as requested.
26958538.torque01.util.production.int.aci.ics.psu.edu
Job will run under the 'open' account, as requested.
26958539.torque01.util.production.int.aci.ics.psu.edu
Job will run under the 'open' account, as requested.
26958540.torque01.util.production.int.aci.ics.psu.edu
Job will run under the 'open' account, as requested.
26958541.torque01.util.production.int.aci.ics.psu.edu
Job will run under the 'open' account, as requested.
26958542.torque01.util.production.int.aci.ics.psu.edu
Job will run under the 'open' account, as requested.
26958543.torque01.util.production.int.aci.ics.psu.edu
Job will run under the 'open' account, as requested.
26958544.torque01.util.production.int.aci.ics.psu.edu
Job will run under the 'open' account, as requested.
26958545.torque01.util.production.int.aci.ics.psu.edu
Job will run under the 'open' account, as requested.
26958546.torque01.util.production.int.aci.ics.psu.edu
Job will run under the 'open' account, as requested.
26958547.torque01.util.production.int.aci.ics.psu.edu
Job will run under the 'open' account, as requested.
26958548.torque01.util.production.int.aci.ics.psu.edu
Job will run under the 'open' account, as requested.
26958549.torque01.util.production.int.aci.ics.psu.edu
Job will run under the 'open' account, as requested.
26958550.torque01.util.production.int.aci.ics.psu.edu
Job will run under the 'open' account, as requested.
26958551.torque01.util.production.int.aci.ics.psu.edu
Job will run under the 'open' account, as requested.
26958552.torque01.util.production.int.aci.ics.psu.edu
Job will run under the 'open' account, as requested.
26958553.torque01.util.production.int.aci.ics.psu.edu
Job will run under the 'open' account, as requested.
26958554.torque01.util.production.int.aci.ics.psu.edu
Job will run under the 'open' account, as requested.
26958555.torque01.util.production.int.aci.ics.psu.edu
Job will run under the 'open' account, as requested.
26958556.torque01.util.production.int.aci.ics.psu.edu
Job will run under the 'open' account, as requested.
26958557.torque01.util.production.int.aci.ics.psu.edu
Job will run under the 'open' account, as requested.
26958558.torque01.util.production.int.aci.ics.psu.edu
Job will run under the 'open' account, as requested.
26958559.torque01.util.production.int.aci.ics.psu.edu
Job will run under the 'open' account, as requested.
26958560.torque01.util.production.int.aci.ics.psu.edu
Job will run under the 'open' account, as requested.
26958561.torque01.util.production.int.aci.ics.psu.edu
Job will run under the 'open' account, as requested.
26958562.torque01.util.production.int.aci.ics.psu.edu
Job will run under the 'open' account, as requested.
26958563.torque01.util.production.int.aci.ics.psu.edu
Job will run under the 'open' account, as requested.
26958564.torque01.util.production.int.aci.ics.psu.edu
Job will run under the 'open' account, as requested.
26958565.torque01.util.production.int.aci.ics.psu.edu
Job will run under the 'open' account, as requested.
26958566.torque01.util.production.int.aci.ics.psu.edu
Job will run under the 'open' account, as requested.
26958567.torque01.util.production.int.aci.ics.psu.edu
Job will run under the 'open' account, as requested.
26958568.torque01.util.production.int.aci.ics.psu.edu
Job will run under the 'open' account, as requested.
26958569.torque01.util.production.int.aci.ics.psu.edu
Job will run under the 'open' account, as requested.
26958570.torque01.util.production.int.aci.ics.psu.edu
Job will run under the 'open' account, as requested.
26958571.torque01.util.production.int.aci.ics.psu.edu
Job will run under the 'open' account, as requested.
26958572.torque01.util.production.int.aci.ics.psu.edu
Job will run under the 'open' account, as requested.
26958573.torque01.util.production.int.aci.ics.psu.edu
Job will run under the 'open' account, as requested.
26958574.torque01.util.production.int.aci.ics.psu.edu
Job will run under the 'open' account, as requested.
26958575.torque01.util.production.int.aci.ics.psu.edu
Job will run under the 'open' account, as requested.
26958576.torque01.util.production.int.aci.ics.psu.edu
Job will run under the 'open' account, as requested.
26958577.torque01.util.production.int.aci.ics.psu.edu
Job will run under the 'open' account, as requested.
26958578.torque01.util.production.int.aci.ics.psu.edu
Job will run under the 'open' account, as requested.
26958579.torque01.util.production.int.aci.ics.psu.edu
Job will run under the 'open' account, as requested.
26958580.torque01.util.production.int.aci.ics.psu.edu
Job will run under the 'open' account, as requested.
26958581.torque01.util.production.int.aci.ics.psu.edu
Job will run under the 'open' account, as requested.
26958582.torque01.util.production.int.aci.ics.psu.edu
Job will run under the 'open' account, as requested.
26958583.torque01.util.production.int.aci.ics.psu.edu
Job will run under the 'open' account, as requested.
26958584.torque01.util.production.int.aci.ics.psu.edu
Job will run under the 'open' account, as requested.
26958585.torque01.util.production.int.aci.ics.psu.edu
Job will run under the 'open' account, as requested.
26958586.torque01.util.production.int.aci.ics.psu.edu
Job will run under the 'open' account, as requested.
26958587.torque01.util.production.int.aci.ics.psu.edu
Job will run under the 'open' account, as requested.
26958588.torque01.util.production.int.aci.ics.psu.edu
Job will run under the 'open' account, as requested.
26958589.torque01.util.production.int.aci.ics.psu.edu
Job will run under the 'open' account, as requested.
26958590.torque01.util.production.int.aci.ics.psu.edu
Job will run under the 'open' account, as requested.
26958591.torque01.util.production.int.aci.ics.psu.edu
Job will run under the 'open' account, as requested.
26958592.torque01.util.production.int.aci.ics.psu.edu
Job will run under the 'open' account, as requested.
26958593.torque01.util.production.int.aci.ics.psu.edu
Job will run under the 'open' account, as requested.
26958594.torque01.util.production.int.aci.ics.psu.edu
Job will run under the 'open' account, as requested.
26958595.torque01.util.production.int.aci.ics.psu.edu
Job will run under the 'open' account, as requested.
26958596.torque01.util.production.int.aci.ics.psu.edu
Job will run under the 'open' account, as requested.
26958597.torque01.util.production.int.aci.ics.psu.edu
Job will run under the 'open' account, as requested.
26958598.torque01.util.production.int.aci.ics.psu.edu
Job will run under the 'open' account, as requested.
26958599.torque01.util.production.int.aci.ics.psu.edu
Job will run under the 'open' account, as requested.
26958600.torque01.util.production.int.aci.ics.psu.edu
Job will run under the 'open' account, as requested.
26958601.torque01.util.production.int.aci.ics.psu.edu
Job will run under the 'open' account, as requested.
26958602.torque01.util.production.int.aci.ics.psu.edu
Exceeded max submissions.  Exiting now.
Files are still in queue
Files are still in queue
Submitting 64 files
Job will run under the 'open' account, as requested.
26959372.torque01.util.production.int.aci.ics.psu.edu
Job will run under the 'open' account, as requested.
26959374.torque01.util.production.int.aci.ics.psu.edu
Job will run under the 'open' account, as requested.
26959376.torque01.util.production.int.aci.ics.psu.edu
Job will run under the 'open' account, as requested.
26959378.torque01.util.production.int.aci.ics.psu.edu
Job will run under the 'open' account, as requested.
26959379.torque01.util.production.int.aci.ics.psu.edu
Job will run under the 'open' account, as requested.
26959380.torque01.util.production.int.aci.ics.psu.edu
Job will run under the 'open' account, as requested.
26959381.torque01.util.production.int.aci.ics.psu.edu
Job will run under the 'open' account, as requested.
26959382.torque01.util.production.int.aci.ics.psu.edu
Job will run under the 'open' account, as requested.
26959383.torque01.util.production.int.aci.ics.psu.edu
Job will run under the 'open' account, as requested.
26959384.torque01.util.production.int.aci.ics.psu.edu
Job will run under the 'open' account, as requested.
26959385.torque01.util.production.int.aci.ics.psu.edu
Job will run under the 'open' account, as requested.
26959386.torque01.util.production.int.aci.ics.psu.edu
Job will run under the 'open' account, as requested.
26959387.torque01.util.production.int.aci.ics.psu.edu
Job will run under the 'open' account, as requested.
26959388.torque01.util.production.int.aci.ics.psu.edu
Job will run under the 'open' account, as requested.
26959389.torque01.util.production.int.aci.ics.psu.edu
Job will run under the 'open' account, as requested.
26959390.torque01.util.production.int.aci.ics.psu.edu
Job will run under the 'open' account, as requested.
26959391.torque01.util.production.int.aci.ics.psu.edu
Job will run under the 'open' account, as requested.
26959392.torque01.util.production.int.aci.ics.psu.edu
Job will run under the 'open' account, as requested.
26959393.torque01.util.production.int.aci.ics.psu.edu
Job will run under the 'open' account, as requested.
26959394.torque01.util.production.int.aci.ics.psu.edu
Job will run under the 'open' account, as requested.
26959395.torque01.util.production.int.aci.ics.psu.edu
Job will run under the 'open' account, as requested.
26959396.torque01.util.production.int.aci.ics.psu.edu
Job will run under the 'open' account, as requested.
26959397.torque01.util.production.int.aci.ics.psu.edu
Job will run under the 'open' account, as requested.
26959398.torque01.util.production.int.aci.ics.psu.edu
Job will run under the 'open' account, as requested.
26959399.torque01.util.production.int.aci.ics.psu.edu
Job will run under the 'open' account, as requested.
26959400.torque01.util.production.int.aci.ics.psu.edu
Job will run under the 'open' account, as requested.
26959401.torque01.util.production.int.aci.ics.psu.edu
Job will run under the 'open' account, as requested.
26959402.torque01.util.production.int.aci.ics.psu.edu
Job will run under the 'open' account, as requested.
26959403.torque01.util.production.int.aci.ics.psu.edu
Job will run under the 'open' account, as requested.
26959404.torque01.util.production.int.aci.ics.psu.edu
Job will run under the 'open' account, as requested.
26959405.torque01.util.production.int.aci.ics.psu.edu
Job will run under the 'open' account, as requested.
26959406.torque01.util.production.int.aci.ics.psu.edu
Job will run under the 'open' account, as requested.
26959407.torque01.util.production.int.aci.ics.psu.edu
Script Finished
